<?xml version="1.0" encoding="UTF-8"?>
<robot generator="Robot 5.0.1 (Python 3.8.2 on darwin)" generated="20220627 13:16:11.805" rpa="false" schemaversion="3">
<suite id="s1" name="Radioandcheck" source="/Users/mithunroy/PycharmProjects/RobotPy/Scripts/radioandcheck.robot">
<test id="s1-t1" name="Test Case 1" line="7">
<kw name="Log To Console" library="BuiltIn">
<arg>This is test case 1</arg>
<doc>Logs the given message to the console.</doc>
<status status="PASS" starttime="20220627 13:16:11.855" endtime="20220627 13:16:11.856"/>
</kw>
<tag>Smoke</tag>
<status status="PASS" starttime="20220627 13:16:11.853" endtime="20220627 13:16:11.856"/>
</test>
<test id="s1-t2" name="Test Case 2" line="11">
<kw name="Log To Console" library="BuiltIn">
<arg>This is test case 2</arg>
<doc>Logs the given message to the console.</doc>
<status status="PASS" starttime="20220627 13:16:11.858" endtime="20220627 13:16:11.859"/>
</kw>
<tag>Regression</tag>
<status status="PASS" starttime="20220627 13:16:11.857" endtime="20220627 13:16:11.859"/>
</test>
<test id="s1-t3" name="Test Case 3" line="15">
<kw name="Log To Console" library="BuiltIn">
<arg>This is test case 3</arg>
<doc>Logs the given message to the console.</doc>
<status status="PASS" starttime="20220627 13:16:11.860" endtime="20220627 13:16:11.861"/>
</kw>
<tag>Regression</tag>
<status status="PASS" starttime="20220627 13:16:11.860" endtime="20220627 13:16:11.861"/>
</test>
<test id="s1-t4" name="Test Case 4" line="19">
<kw name="Log To Console" library="BuiltIn">
<arg>This is test case 4</arg>
<doc>Logs the given message to the console.</doc>
<status status="PASS" starttime="20220627 13:16:11.863" endtime="20220627 13:16:11.864"/>
</kw>
<tag>Smoke</tag>
<status status="PASS" starttime="20220627 13:16:11.862" endtime="20220627 13:16:11.864"/>
</test>
<test id="s1-t5" name="Test Case 5" line="23">
<kw name="Log To Console" library="BuiltIn">
<arg>This is test case 5</arg>
<doc>Logs the given message to the console.</doc>
<status status="PASS" starttime="20220627 13:16:11.866" endtime="20220627 13:16:11.866"/>
</kw>
<tag>Sanity</tag>
<status status="PASS" starttime="20220627 13:16:11.865" endtime="20220627 13:16:11.866"/>
</test>
<doc>Tags in Robot Framework</doc>
<status status="PASS" starttime="20220627 13:16:11.809" endtime="20220627 13:16:11.868"/>
</suite>
<statistics>
<total>
<stat pass="5" fail="0" skip="0">All Tests</stat>
</total>
<tag>
<stat pass="2" fail="0" skip="0">Regression</stat>
<stat pass="1" fail="0" skip="0">Sanity</stat>
<stat pass="2" fail="0" skip="0">Smoke</stat>
</tag>
<suite>
<stat pass="5" fail="0" skip="0" id="s1" name="Radioandcheck">Radioandcheck</stat>
</suite>
</statistics>
<errors>
</errors>
</robot>
