<?xml version="1.0" encoding="UTF-8"?>
<robot generator="Robot 5.0.1 (Python 3.8.2 on darwin)" generated="20220627 15:59:29.857" rpa="false" schemaversion="3">
<suite id="s1" name="Suites">
<suite id="s1-s1" name="Tab Handle" source="/Users/mithunroy/PycharmProjects/RobotPy/Scripts/tab_handle.robot">
<test id="s1-s1-t1" name="Verify Google Application" line="16">
<kw name="Open Browser" library="SeleniumLibrary">
<arg>${url}</arg>
<arg>${Browser}</arg>
<doc>Opens a new browser instance to the optional ``url``.</doc>
<msg timestamp="20220627 15:59:30.222" level="INFO">Opening browser 'Chrome' to base url 'https://infyni.com/login/'.</msg>
<status status="PASS" starttime="20220627 15:59:30.220" endtime="20220627 15:59:38.398"/>
</kw>
<kw name="Maximize Browser Window" library="SeleniumLibrary">
<doc>Maximizes current browser window.</doc>
<status status="PASS" starttime="20220627 15:59:38.400" endtime="20220627 15:59:38.557"/>
</kw>
<kw name="Log Title" library="SeleniumLibrary">
<doc>Logs and returns the title of the current page.</doc>
<msg timestamp="20220627 15:59:38.565" level="INFO">Login | Learn From Industry Experts | Online Learning | Live Classes | Infyni</msg>
<status status="PASS" starttime="20220627 15:59:38.558" endtime="20220627 15:59:38.565"/>
</kw>
<kw name="Checkbox Should Not Be Selected" library="SeleniumLibrary">
<arg>xpath://input[@name='RememberMe']</arg>
<doc>Verifies checkbox ``locator`` is not selected/checked.</doc>
<msg timestamp="20220627 15:59:38.567" level="INFO">Verifying checkbox 'xpath://input[@name='RememberMe']' is not selected.</msg>
<status status="PASS" starttime="20220627 15:59:38.566" endtime="20220627 15:59:38.628"/>
</kw>
<kw name="Execute Javascript" library="SeleniumLibrary">
<arg>window.open()</arg>
<doc>Executes the given JavaScript code with possible arguments.</doc>
<msg timestamp="20220627 15:59:38.630" level="INFO">Executing JavaScript:
window.open()
Without any arguments.</msg>
<status status="PASS" starttime="20220627 15:59:38.629" endtime="20220627 15:59:38.688"/>
</kw>
<kw name="Switch Window" library="SeleniumLibrary">
<arg>locator=NEW</arg>
<doc>Switches to browser window matching ``locator``.</doc>
<status status="PASS" starttime="20220627 15:59:38.689" endtime="20220627 15:59:38.719"/>
</kw>
<kw name="Go To" library="SeleniumLibrary">
<arg>https://robocon.io</arg>
<doc>Navigates the current browser window to the provided ``url``.</doc>
<msg timestamp="20220627 15:59:38.720" level="INFO">Opening url 'https://robocon.io'</msg>
<status status="PASS" starttime="20220627 15:59:38.720" endtime="20220627 15:59:42.695"/>
</kw>
<kw name="Close Window" library="SeleniumLibrary">
<doc>Closes currently opened and selected browser window/tab.</doc>
<status status="PASS" starttime="20220627 15:59:42.697" endtime="20220627 15:59:42.766"/>
</kw>
<kw name="Sleep" library="BuiltIn">
<arg>5</arg>
<doc>Pauses the test executed for the given time.</doc>
<msg timestamp="20220627 15:59:47.770" level="INFO">Slept 5 seconds</msg>
<status status="PASS" starttime="20220627 15:59:42.768" endtime="20220627 15:59:47.771"/>
</kw>
<doc>Verify Google Application</doc>
<tag>Smoke</tag>
<status status="PASS" starttime="20220627 15:59:30.215" endtime="20220627 15:59:47.772"/>
</test>
<kw name="Suite shutdown" type="TEARDOWN">
<kw name="Close All Browsers" library="SeleniumLibrary">
<doc>Closes all open browsers and resets the browser cache.</doc>
<status status="PASS" starttime="20220627 15:59:47.775" endtime="20220627 15:59:47.949"/>
</kw>
<status status="PASS" starttime="20220627 15:59:47.774" endtime="20220627 15:59:47.950"/>
</kw>
<doc>Login Functionality</doc>
<status status="PASS" starttime="20220627 15:59:29.898" endtime="20220627 15:59:47.950"/>
</suite>
<status status="PASS" starttime="20220627 15:59:29.869" endtime="20220627 15:59:47.955"/>
</suite>
<statistics>
<total>
<stat pass="1" fail="0" skip="0">All Tests</stat>
</total>
<tag>
<stat pass="1" fail="0" skip="0">Smoke</stat>
</tag>
<suite>
<stat pass="1" fail="0" skip="0" id="s1" name="Suites">Suites</stat>
<stat pass="1" fail="0" skip="0" id="s1-s1" name="Tab Handle">Suites.Tab Handle</stat>
</suite>
</statistics>
<errors>
</errors>
</robot>
