<?xml version="1.0" encoding="UTF-8"?>
<robot generator="Robot 5.0.1 (Python 3.8.2 on darwin)" generated="20220627 15:56:38.761" rpa="false" schemaversion="3">
<suite id="s1" name="Suites">
<suite id="s1-s1" name="Radioandcheck" source="/Users/mithunroy/PycharmProjects/RobotPy/Scripts/radioandcheck.robot">
<test id="s1-s1-t1" name="Test Case 1" line="7">
<kw name="Log To Console" library="BuiltIn">
<arg>This is test case 1</arg>
<doc>Logs the given message to the console.</doc>
<status status="PASS" starttime="20220627 15:56:38.824" endtime="20220627 15:56:38.825"/>
</kw>
<tag>Smoke</tag>
<status status="PASS" starttime="20220627 15:56:38.821" endtime="20220627 15:56:38.825"/>
</test>
<test id="s1-s1-t2" name="Test Case 2" line="11">
<kw name="Log To Console" library="BuiltIn">
<arg>This is test case 2</arg>
<doc>Logs the given message to the console.</doc>
<status status="PASS" starttime="20220627 15:56:38.826" endtime="20220627 15:56:38.827"/>
</kw>
<tag>Regression</tag>
<status status="PASS" starttime="20220627 15:56:38.825" endtime="20220627 15:56:38.827"/>
</test>
<test id="s1-s1-t3" name="Test Case 3" line="15">
<kw name="Log To Console" library="BuiltIn">
<arg>This is test case 3</arg>
<doc>Logs the given message to the console.</doc>
<status status="PASS" starttime="20220627 15:56:38.828" endtime="20220627 15:56:38.829"/>
</kw>
<tag>Regression</tag>
<status status="PASS" starttime="20220627 15:56:38.828" endtime="20220627 15:56:38.829"/>
</test>
<test id="s1-s1-t4" name="Test Case 4" line="19">
<kw name="Log To Console" library="BuiltIn">
<arg>This is test case 4</arg>
<doc>Logs the given message to the console.</doc>
<status status="PASS" starttime="20220627 15:56:38.831" endtime="20220627 15:56:38.832"/>
</kw>
<tag>Smoke</tag>
<status status="PASS" starttime="20220627 15:56:38.830" endtime="20220627 15:56:38.832"/>
</test>
<test id="s1-s1-t5" name="Test Case 5" line="23">
<kw name="Log To Console" library="BuiltIn">
<arg>This is test case 5</arg>
<doc>Logs the given message to the console.</doc>
<status status="PASS" starttime="20220627 15:56:38.834" endtime="20220627 15:56:38.834"/>
</kw>
<tag>Sanity</tag>
<status status="PASS" starttime="20220627 15:56:38.833" endtime="20220627 15:56:38.835"/>
</test>
<doc>Tags in Robot Framework</doc>
<status status="PASS" starttime="20220627 15:56:38.817" endtime="20220627 15:56:38.836"/>
</suite>
<status status="PASS" starttime="20220627 15:56:38.777" endtime="20220627 15:56:38.839"/>
</suite>
<statistics>
<total>
<stat pass="5" fail="0" skip="0">All Tests</stat>
</total>
<tag>
<stat pass="2" fail="0" skip="0">Regression</stat>
<stat pass="1" fail="0" skip="0">Sanity</stat>
<stat pass="2" fail="0" skip="0">Smoke</stat>
</tag>
<suite>
<stat pass="5" fail="0" skip="0" id="s1" name="Suites">Suites</stat>
<stat pass="5" fail="0" skip="0" id="s1-s1" name="Radioandcheck">Suites.Radioandcheck</stat>
</suite>
</statistics>
<errors>
</errors>
</robot>
