<?xml version="1.0" encoding="UTF-8"?>
<robot generator="Robot 5.0.1 (Python 3.8.2 on darwin)" generated="20220627 15:56:39.796" rpa="false" schemaversion="3">
<suite id="s1" name="Suites">
<suite id="s1-s1" name="Waitforcondition" source="/Users/mithunroy/PycharmProjects/RobotPy/Scripts/waitforcondition.robot">
<test id="s1-s1-t1" name="Verify Google Application" line="16">
<kw name="Open Browser" library="SeleniumLibrary">
<arg>${url}</arg>
<arg>${Browser}</arg>
<doc>Opens a new browser instance to the optional ``url``.</doc>
<msg timestamp="20220627 15:56:40.068" level="INFO">Opening browser 'Chrome' to base url 'https://google.com/'.</msg>
<status status="PASS" starttime="20220627 15:56:40.066" endtime="20220627 15:56:49.431"/>
</kw>
<kw name="Maximize Browser Window" library="SeleniumLibrary">
<doc>Maximizes current browser window.</doc>
<status status="PASS" starttime="20220627 15:56:49.432" endtime="20220627 15:56:49.679"/>
</kw>
<kw name="Wait For Condition" library="SeleniumLibrary">
<arg>return document.title == "Google"</arg>
<doc>Waits until ``condition`` is true or ``timeout`` expires.</doc>
<status status="PASS" starttime="20220627 15:56:49.679" endtime="20220627 15:56:49.689"/>
</kw>
<doc>Verify Google Application</doc>
<tag>Smoke</tag>
<status status="PASS" starttime="20220627 15:56:40.065" endtime="20220627 15:56:49.690"/>
</test>
<kw name="Suite shutdown" type="TEARDOWN">
<kw name="Close All Browsers" library="SeleniumLibrary">
<doc>Closes all open browsers and resets the browser cache.</doc>
<status status="PASS" starttime="20220627 15:56:49.694" endtime="20220627 15:56:49.793"/>
</kw>
<status status="PASS" starttime="20220627 15:56:49.692" endtime="20220627 15:56:49.794"/>
</kw>
<doc>Login Functionality</doc>
<status status="PASS" starttime="20220627 15:56:39.834" endtime="20220627 15:56:49.794"/>
</suite>
<status status="PASS" starttime="20220627 15:56:39.806" endtime="20220627 15:56:49.796"/>
</suite>
<statistics>
<total>
<stat pass="1" fail="0" skip="0">All Tests</stat>
</total>
<tag>
<stat pass="1" fail="0" skip="0">Smoke</stat>
</tag>
<suite>
<stat pass="1" fail="0" skip="0" id="s1" name="Suites">Suites</stat>
<stat pass="1" fail="0" skip="0" id="s1-s1" name="Waitforcondition">Suites.Waitforcondition</stat>
</suite>
</statistics>
<errors>
</errors>
</robot>
