<?xml version="1.0" encoding="UTF-8"?>
<robot generator="Robot 5.0.1 (Python 3.8.2 on darwin)" generated="20220627 15:56:38.759" rpa="false" schemaversion="3">
<suite id="s1" name="Suites">
<suite id="s1-s1" name="Readxml" source="/Users/mithunroy/PycharmProjects/RobotPy/Scripts/readxml.robot">
<test id="s1-s1-t1" name="Read XML File" line="19">
<kw name="Add Two Numbers" library="Action1">
<var>${value}</var>
<arg>${1}</arg>
<msg timestamp="20220627 15:56:39.257" level="INFO">${value} = 6</msg>
<status status="PASS" starttime="20220627 15:56:39.255" endtime="20220627 15:56:39.257"/>
</kw>
<kw name="Log To Console" library="BuiltIn">
<arg>${value}</arg>
<doc>Logs the given message to the console.</doc>
<status status="PASS" starttime="20220627 15:56:39.258" endtime="20220627 15:56:39.259"/>
</kw>
<kw name="Read Xml" library="Action1">
<var>${value}</var>
<arg>password</arg>
<msg timestamp="20220627 15:56:39.264" level="INFO">${value} = Password$$#1</msg>
<status status="PASS" starttime="20220627 15:56:39.259" endtime="20220627 15:56:39.264"/>
</kw>
<kw name="Log To Console" library="BuiltIn">
<arg>${value}</arg>
<doc>Logs the given message to the console.</doc>
<status status="PASS" starttime="20220627 15:56:39.264" endtime="20220627 15:56:39.265"/>
</kw>
<kw name="Read Xml" library="Action">
<var>${value}</var>
<arg>password</arg>
<msg timestamp="20220627 15:56:39.266" level="INFO">${value} = Password$$#1</msg>
<status status="PASS" starttime="20220627 15:56:39.265" endtime="20220627 15:56:39.266"/>
</kw>
<kw name="Log To Console" library="BuiltIn">
<arg>${value}</arg>
<doc>Logs the given message to the console.</doc>
<status status="PASS" starttime="20220627 15:56:39.266" endtime="20220627 15:56:39.267"/>
</kw>
<status status="PASS" starttime="20220627 15:56:39.253" endtime="20220627 15:56:39.267"/>
</test>
<status status="PASS" starttime="20220627 15:56:38.818" endtime="20220627 15:56:39.268"/>
</suite>
<status status="PASS" starttime="20220627 15:56:38.777" endtime="20220627 15:56:39.270"/>
</suite>
<statistics>
<total>
<stat pass="1" fail="0" skip="0">All Tests</stat>
</total>
<tag>
</tag>
<suite>
<stat pass="1" fail="0" skip="0" id="s1" name="Suites">Suites</stat>
<stat pass="1" fail="0" skip="0" id="s1-s1" name="Readxml">Suites.Readxml</stat>
</suite>
</statistics>
<errors>
</errors>
</robot>
