<?xml version="1.0" encoding="UTF-8"?>
<robot generator="Rebot 5.0.1 (Python 3.8.2 on darwin)" generated="20220627 16:13:51.802" rpa="false" schemaversion="3">
<suite id="s1" name="Suites">
<suite id="s1-s1" name="Waitforcondition" source="/Users/mithunroy/PycharmProjects/RobotPy/Scripts/waitforcondition.robot">
<test id="s1-s1-t1" name="Verify Google Application" line="16">
<kw name="Open Browser" library="SeleniumLibrary">
<arg>${url}</arg>
<arg>${Browser}</arg>
<doc>Opens a new browser instance to the optional ``url``.</doc>
<msg timestamp="20220627 16:13:47.684" level="INFO">Opening browser 'HeadlessChrome' to base url 'https://google.com/'.</msg>
<status status="PASS" starttime="20220627 16:13:47.683" endtime="20220627 16:13:51.257"/>
</kw>
<kw name="Maximize Browser Window" library="SeleniumLibrary">
<doc>Maximizes current browser window.</doc>
<status status="PASS" starttime="20220627 16:13:51.257" endtime="20220627 16:13:51.365"/>
</kw>
<kw name="Wait For Condition" library="SeleniumLibrary">
<arg>return document.title == "Google"</arg>
<doc>Waits until ``condition`` is true or ``timeout`` expires.</doc>
<status status="PASS" starttime="20220627 16:13:51.365" endtime="20220627 16:13:51.372"/>
</kw>
<doc>Verify Google Application</doc>
<tag>CAT</tag>
<status status="PASS" starttime="20220627 16:13:47.682" endtime="20220627 16:13:51.372"/>
</test>
<kw name="Suite shutdown" type="TEARDOWN">
<kw name="Close All Browsers" library="SeleniumLibrary">
<doc>Closes all open browsers and resets the browser cache.</doc>
<status status="PASS" starttime="20220627 16:13:51.375" endtime="20220627 16:13:51.445"/>
</kw>
<status status="PASS" starttime="20220627 16:13:51.374" endtime="20220627 16:13:51.445"/>
</kw>
<doc>Login Functionality</doc>
<status status="PASS" starttime="20220627 16:13:47.292" endtime="20220627 16:13:51.446"/>
</suite>
<doc>[https://pabot.org/?ref=log|Pabot] result from 1 executions.</doc>
<status status="PASS" starttime="20220627 16:13:47.262" endtime="20220627 16:13:51.449"/>
</suite>
<statistics>
<total>
<stat pass="1" fail="0" skip="0">All Tests</stat>
</total>
<tag>
<stat pass="1" fail="0" skip="0">CAT</stat>
</tag>
<suite>
<stat pass="1" fail="0" skip="0" id="s1" name="Suites">Suites</stat>
<stat pass="1" fail="0" skip="0" id="s1-s1" name="Waitforcondition">Suites.Waitforcondition</stat>
</suite>
</statistics>
<errors>
</errors>
</robot>
