<?xml version="1.0" encoding="UTF-8"?>
<robot generator="Robot 5.0.1 (Python 3.8.2 on darwin)" generated="20220627 13:16:57.055" rpa="false" schemaversion="3">
<suite id="s1" name="Radioandcheck" source="/Users/mithunroy/PycharmProjects/RobotPy/Scripts/radioandcheck.robot">
<test id="s1-t1" name="Test Case 1" line="7">
<kw name="Log To Console" library="BuiltIn">
<arg>This is test case 1</arg>
<doc>Logs the given message to the console.</doc>
<status status="PASS" starttime="20220627 13:16:57.099" endtime="20220627 13:16:57.100"/>
</kw>
<tag>Smoke</tag>
<status status="PASS" starttime="20220627 13:16:57.098" endtime="20220627 13:16:57.100"/>
</test>
<test id="s1-t2" name="Test Case 4" line="19">
<kw name="Log To Console" library="BuiltIn">
<arg>This is test case 4</arg>
<doc>Logs the given message to the console.</doc>
<status status="PASS" starttime="20220627 13:16:57.102" endtime="20220627 13:16:57.102"/>
</kw>
<tag>Smoke</tag>
<status status="PASS" starttime="20220627 13:16:57.101" endtime="20220627 13:16:57.102"/>
</test>
<doc>Tags in Robot Framework</doc>
<status status="PASS" starttime="20220627 13:16:57.058" endtime="20220627 13:16:57.103"/>
</suite>
<statistics>
<total>
<stat pass="2" fail="0" skip="0">All Tests</stat>
</total>
<tag>
<stat pass="2" fail="0" skip="0">Smoke</stat>
</tag>
<suite>
<stat pass="2" fail="0" skip="0" id="s1" name="Radioandcheck">Radioandcheck</stat>
</suite>
</statistics>
<errors>
</errors>
</robot>
