<?xml version="1.0" encoding="UTF-8"?>
<robot generator="Robot 5.0.1 (Python 3.8.2 on darwin)" generated="20220627 15:59:28.819" rpa="false" schemaversion="3">
<suite id="s1" name="Suites">
<suite id="s1-s1" name="Radioandcheck" source="/Users/mithunroy/PycharmProjects/RobotPy/Scripts/radioandcheck.robot">
<test id="s1-s1-t1" name="Test Case 1" line="7">
<kw name="Log To Console" library="BuiltIn">
<arg>This is test case 1</arg>
<doc>Logs the given message to the console.</doc>
<status status="PASS" starttime="20220627 15:59:28.990" endtime="20220627 15:59:28.991"/>
</kw>
<tag>Smoke</tag>
<status status="PASS" starttime="20220627 15:59:28.987" endtime="20220627 15:59:28.992"/>
</test>
<test id="s1-s1-t2" name="Test Case 2" line="11">
<kw name="Log To Console" library="BuiltIn">
<arg>This is test case 2</arg>
<doc>Logs the given message to the console.</doc>
<status status="PASS" starttime="20220627 15:59:28.995" endtime="20220627 15:59:28.996"/>
</kw>
<tag>Regression</tag>
<status status="PASS" starttime="20220627 15:59:28.993" endtime="20220627 15:59:28.996"/>
</test>
<test id="s1-s1-t3" name="Test Case 3" line="15">
<kw name="Log To Console" library="BuiltIn">
<arg>This is test case 3</arg>
<doc>Logs the given message to the console.</doc>
<status status="PASS" starttime="20220627 15:59:28.999" endtime="20220627 15:59:29.000"/>
</kw>
<tag>Regression</tag>
<status status="PASS" starttime="20220627 15:59:28.998" endtime="20220627 15:59:29.001"/>
</test>
<test id="s1-s1-t4" name="Test Case 4" line="19">
<kw name="Log To Console" library="BuiltIn">
<arg>This is test case 4</arg>
<doc>Logs the given message to the console.</doc>
<status status="PASS" starttime="20220627 15:59:29.003" endtime="20220627 15:59:29.005"/>
</kw>
<tag>Smoke</tag>
<status status="PASS" starttime="20220627 15:59:29.002" endtime="20220627 15:59:29.007"/>
</test>
<test id="s1-s1-t5" name="Test Case 5" line="23">
<kw name="Log To Console" library="BuiltIn">
<arg>This is test case 5</arg>
<doc>Logs the given message to the console.</doc>
<status status="PASS" starttime="20220627 15:59:29.014" endtime="20220627 15:59:29.015"/>
</kw>
<tag>Sanity</tag>
<status status="PASS" starttime="20220627 15:59:29.011" endtime="20220627 15:59:29.016"/>
</test>
<doc>Tags in Robot Framework</doc>
<status status="PASS" starttime="20220627 15:59:28.982" endtime="20220627 15:59:29.019"/>
</suite>
<status status="PASS" starttime="20220627 15:59:28.837" endtime="20220627 15:59:29.024"/>
</suite>
<statistics>
<total>
<stat pass="5" fail="0" skip="0">All Tests</stat>
</total>
<tag>
<stat pass="2" fail="0" skip="0">Regression</stat>
<stat pass="1" fail="0" skip="0">Sanity</stat>
<stat pass="2" fail="0" skip="0">Smoke</stat>
</tag>
<suite>
<stat pass="5" fail="0" skip="0" id="s1" name="Suites">Suites</stat>
<stat pass="5" fail="0" skip="0" id="s1-s1" name="Radioandcheck">Suites.Radioandcheck</stat>
</suite>
</statistics>
<errors>
</errors>
</robot>
